This file contains any messages produced by compilers while
running configure, to aid debugging if configure makes a mistake.

It was created by xfce4-screenshooter configure 1.11.1, which was
generated by GNU Autoconf 2.71.  Invocation command line was

  $ ./configure

## --------- ##
## Platform. ##
## --------- ##

hostname = x240
uname -m = x86_64
uname -r = 5.10.0-33-amd64
uname -s = Linux
uname -v = #1 SMP Debian 5.10.226-1 (2024-10-03)

/usr/bin/uname -p = unknown
/bin/uname -X     = unknown

/bin/arch              = x86_64
/usr/bin/arch -k       = unknown
/usr/convex/getsysinfo = unknown
/usr/bin/hostinfo      = unknown
/bin/machine           = unknown
/usr/bin/oslevel       = unknown
/bin/universe          = unknown

PATH: /home/hgode/bin/
PATH: /home/hgode/bin/
PATH: /usr/local/bin/
PATH: /usr/bin/
PATH: /bin/
PATH: /usr/local/games/
PATH: /usr/games/


## ----------- ##
## Core tests. ##
## ----------- ##

configure:2594: looking for aux files: config.rpath ltmain.sh config.guess config.sub compile missing install-sh
configure:2607:  trying ./
configure:2636:   ./config.rpath found
configure:2636:   ./ltmain.sh found
configure:2636:   ./config.guess found
configure:2636:   ./config.sub found
configure:2636:   ./compile found
configure:2636:   ./missing found
configure:2618:   ./install-sh found
configure:2768: checking for a BSD-compatible install
configure:2841: result: /usr/bin/install -c
configure:2852: checking whether build environment is sane
configure:2907: result: yes
configure:3066: checking for a race-free mkdir -p
configure:3110: result: /usr/bin/mkdir -p
configure:3117: checking for gawk
configure:3152: result: no
configure:3117: checking for mawk
configure:3138: found /usr/bin/mawk
configure:3149: result: mawk
configure:3160: checking whether make sets $(MAKE)
configure:3183: result: yes
configure:3213: checking whether make supports nested variables
configure:3231: result: yes
configure:3316: checking whether UID '1000' is supported by ustar format
configure:3319: result: yes
configure:3326: checking whether GID '1000' is supported by ustar format
configure:3329: result: yes
configure:3337: checking how to create a ustar tar archive
configure:3348: tar --version
tar (GNU tar) 1.34
Copyright (C) 2021 Free Software Foundation, Inc.
License GPLv3+: GNU GPL version 3 or later <https://gnu.org/licenses/gpl.html>.
This is free software: you are free to change and redistribute it.
There is NO WARRANTY, to the extent permitted by law.

Written by John Gilmore and Jay Fenlason.
configure:3351: $? = 0
configure:3391: tardir=conftest.dir && eval tar --format=ustar -chf - "$tardir" >conftest.tar
configure:3394: $? = 0
configure:3398: tar -xf - <conftest.tar
configure:3401: $? = 0
configure:3403: cat conftest.dir/file
GrepMe
configure:3406: $? = 0
configure:3420: result: gnutar
configure:3487: checking whether to enable maintainer-specific portions of Makefiles
configure:3497: result: no
configure:3522: checking whether make supports nested variables
configure:3540: result: yes
configure:3614: checking for gcc
configure:3635: found /usr/bin/gcc
configure:3646: result: gcc
configure:3999: checking for C compiler version
configure:4008: gcc --version >&5
gcc (Debian 10.2.1-6) 10.2.1 20210110
Copyright (C) 2020 Free Software Foundation, Inc.
This is free software; see the source for copying conditions.  There is NO
warranty; not even for MERCHANTABILITY or FITNESS FOR A PARTICULAR PURPOSE.

configure:4019: $? = 0
configure:4008: gcc -v >&5
Using built-in specs.
COLLECT_GCC=gcc
COLLECT_LTO_WRAPPER=/usr/lib/gcc/x86_64-linux-gnu/10/lto-wrapper
OFFLOAD_TARGET_NAMES=nvptx-none:amdgcn-amdhsa:hsa
OFFLOAD_TARGET_DEFAULT=1
Target: x86_64-linux-gnu
Configured with: ../src/configure -v --with-pkgversion='Debian 10.2.1-6' --with-bugurl=file:///usr/share/doc/gcc-10/README.Bugs --enable-languages=c,ada,c++,go,brig,d,fortran,objc,obj-c++,m2 --prefix=/usr --with-gcc-major-version-only --program-suffix=-10 --program-prefix=x86_64-linux-gnu- --enable-shared --enable-linker-build-id --libexecdir=/usr/lib --without-included-gettext --enable-threads=posix --libdir=/usr/lib --enable-nls --enable-bootstrap --enable-clocale=gnu --enable-libstdcxx-debug --enable-libstdcxx-time=yes --with-default-libstdcxx-abi=new --enable-gnu-unique-object --disable-vtable-verify --enable-plugin --enable-default-pie --with-system-zlib --enable-libphobos-checking=release --with-target-system-zlib=auto --enable-objc-gc=auto --enable-multiarch --disable-werror --with-arch-32=i686 --with-abi=m64 --with-multilib-list=m32,m64,mx32 --enable-multilib --with-tune=generic --enable-offload-targets=nvptx-none=/build/gcc-10-Km9U7s/gcc-10-10.2.1/debian/tmp-nvptx/usr,amdgcn-amdhsa=/build/gcc-10-Km9U7s/gcc-10-10.2.1/debian/tmp-gcn/usr,hsa --without-cuda-driver --enable-checking=release --build=x86_64-linux-gnu --host=x86_64-linux-gnu --target=x86_64-linux-gnu --with-build-config=bootstrap-lto-lean --enable-link-mutex
Thread model: posix
Supported LTO compression algorithms: zlib zstd
gcc version 10.2.1 20210110 (Debian 10.2.1-6) 
... rest of stderr output deleted ...
configure:4019: $? = 0
configure:4008: gcc -V >&5
gcc: error: unrecognized command-line option '-V'
gcc: fatal error: no input files
compilation terminated.
configure:4019: $? = 1
configure:4008: gcc -qversion >&5
gcc: error: unrecognized command-line option '-qversion'; did you mean '--version'?
gcc: fatal error: no input files
compilation terminated.
configure:4019: $? = 1
configure:4008: gcc -version >&5
gcc: error: unrecognized command-line option '-version'
gcc: fatal error: no input files
compilation terminated.
configure:4019: $? = 1
configure:4039: checking whether the C compiler works
configure:4061: gcc    conftest.c  >&5
configure:4065: $? = 0
configure:4115: result: yes
configure:4118: checking for C compiler default output file name
configure:4120: result: a.out
configure:4126: checking for suffix of executables
configure:4133: gcc -o conftest    conftest.c  >&5
configure:4137: $? = 0
configure:4160: result: 
configure:4182: checking whether we are cross compiling
configure:4190: gcc -o conftest    conftest.c  >&5
configure:4194: $? = 0
configure:4201: ./conftest
configure:4205: $? = 0
configure:4220: result: no
configure:4225: checking for suffix of object files
configure:4248: gcc -c   conftest.c >&5
configure:4252: $? = 0
configure:4274: result: o
configure:4278: checking whether the compiler supports GNU C
configure:4298: gcc -c   conftest.c >&5
configure:4298: $? = 0
configure:4308: result: yes
configure:4319: checking whether gcc accepts -g
configure:4340: gcc -c -g  conftest.c >&5
configure:4340: $? = 0
configure:4384: result: yes
configure:4404: checking for gcc option to enable C11 features
configure:4419: gcc  -c -g -O2  conftest.c >&5
configure:4419: $? = 0
configure:4437: result: none needed
configure:4553: checking whether gcc understands -c and -o together
configure:4576: gcc -c conftest.c -o conftest2.o
configure:4579: $? = 0
configure:4576: gcc -c conftest.c -o conftest2.o
configure:4579: $? = 0
configure:4591: result: yes
configure:4611: checking whether make supports the include directive
configure:4626: make -f confmf.GNU && cat confinc.out
this is the am__doit target
configure:4629: $? = 0
configure:4648: result: yes (GNU style)
configure:4674: checking dependency style of gcc
configure:4786: result: gcc3
configure:4802: checking whether gcc and cc understand -c and -o together
configure:4834: gcc -c conftest.c -o conftest2.o >&5
configure:4838: $? = 0
configure:4844: gcc -c conftest.c -o conftest2.o >&5
configure:4848: $? = 0
configure:4859: cc -c conftest.c >&5
configure:4863: $? = 0
configure:4871: cc -c conftest.c -o conftest2.o >&5
configure:4875: $? = 0
configure:4881: cc -c conftest.c -o conftest2.o >&5
configure:4885: $? = 0
configure:4903: result: yes
configure:4919: checking build system type
configure:4934: result: x86_64-pc-linux-gnu
configure:4954: checking host system type
configure:4968: result: x86_64-pc-linux-gnu
configure:4988: checking for a sed that does not truncate output
configure:5058: result: /usr/bin/sed
configure:5076: checking for grep that handles long lines and -e
configure:5140: result: /usr/bin/grep
configure:5145: checking for egrep
configure:5213: result: /usr/bin/grep -E
configure:5218: checking for fgrep
configure:5286: result: /usr/bin/grep -F
configure:5313: checking how to print strings
configure:5340: result: printf
configure:5374: checking for ld used by gcc
configure:5442: result: /usr/bin/ld
configure:5449: checking if the linker (/usr/bin/ld) is GNU ld
configure:5465: result: yes
configure:5524: checking for BSD- or MS-compatible name lister (nm)
configure:5579: result: /usr/bin/nm -B
configure:5719: checking the name lister (/usr/bin/nm -B) interface
configure:5727: gcc -c -g -O2  conftest.c >&5
configure:5730: /usr/bin/nm -B "conftest.o"
configure:5733: output
0000000000000000 B some_variable
configure:5740: result: BSD nm
configure:5743: checking whether ln -s works
configure:5747: result: yes
configure:5755: checking the maximum length of command line arguments
configure:5887: result: 1572864
configure:5935: checking how to convert x86_64-pc-linux-gnu file names to x86_64-pc-linux-gnu format
configure:5976: result: func_convert_file_noop
configure:5983: checking how to convert x86_64-pc-linux-gnu file names to toolchain format
configure:6004: result: func_convert_file_noop
configure:6011: checking for /usr/bin/ld option to reload object files
configure:6019: result: -r
configure:6098: checking for file
configure:6119: found /usr/bin/file
configure:6130: result: file
configure:6206: checking for objdump
configure:6227: found /usr/bin/objdump
configure:6238: result: objdump
configure:6270: checking how to recognize dependent libraries
configure:6471: result: pass_all
configure:6561: checking for dlltool
configure:6596: result: no
configure:6626: checking how to associate runtime and link libraries
configure:6654: result: printf %s\n
configure:6720: checking for ar
configure:6741: found /usr/bin/ar
configure:6752: result: ar
configure:6805: checking for archiver @FILE support
configure:6823: gcc -c -g -O2  conftest.c >&5
configure:6823: $? = 0
configure:6827: ar cr libconftest.a @conftest.lst >&5
configure:6830: $? = 0
configure:6835: ar cr libconftest.a @conftest.lst >&5
ar: conftest.o: No such file or directory
configure:6838: $? = 1
configure:6850: result: @
configure:6913: checking for strip
configure:6934: found /usr/bin/strip
configure:6945: result: strip
configure:7022: checking for ranlib
configure:7043: found /usr/bin/ranlib
configure:7054: result: ranlib
configure:7156: checking command to parse /usr/bin/nm -B output from gcc object
configure:7310: gcc -c -g -O2  conftest.c >&5
configure:7313: $? = 0
configure:7317: /usr/bin/nm -B conftest.o | /usr/bin/sed -n -e 's/^.*[	 ]\([ABCDGIRSTW][ABCDGIRSTW]*\)[	 ][	 ]*\([_A-Za-z][_A-Za-z0-9]*\)$/\1 \2 \2/p' | /usr/bin/sed '/ __gnu_lto/d' > conftest.nm
configure:7383: gcc -o conftest -g -O2   conftest.c conftstm.o >&5
configure:7386: $? = 0
configure:7424: result: ok
configure:7471: checking for sysroot
configure:7502: result: no
configure:7509: checking for a working dd
configure:7553: result: /usr/bin/dd
configure:7557: checking how to truncate binary pipes
configure:7573: result: /usr/bin/dd bs=4096 count=1
configure:7710: gcc -c -g -O2  conftest.c >&5
configure:7713: $? = 0
configure:7910: checking for mt
configure:7931: found /usr/bin/mt
configure:7942: result: mt
configure:7965: checking if mt is a manifest tool
configure:7972: mt '-?'
configure:7980: result: no
configure:8705: checking for stdio.h
configure:8705: gcc -c -g -O2  conftest.c >&5
configure:8705: $? = 0
configure:8705: result: yes
configure:8705: checking for stdlib.h
configure:8705: gcc -c -g -O2  conftest.c >&5
configure:8705: $? = 0
configure:8705: result: yes
configure:8705: checking for string.h
configure:8705: gcc -c -g -O2  conftest.c >&5
configure:8705: $? = 0
configure:8705: result: yes
configure:8705: checking for inttypes.h
configure:8705: gcc -c -g -O2  conftest.c >&5
configure:8705: $? = 0
configure:8705: result: yes
configure:8705: checking for stdint.h
configure:8705: gcc -c -g -O2  conftest.c >&5
configure:8705: $? = 0
configure:8705: result: yes
configure:8705: checking for strings.h
configure:8705: gcc -c -g -O2  conftest.c >&5
configure:8705: $? = 0
configure:8705: result: yes
configure:8705: checking for sys/stat.h
configure:8705: gcc -c -g -O2  conftest.c >&5
configure:8705: $? = 0
configure:8705: result: yes
configure:8705: checking for sys/types.h
configure:8705: gcc -c -g -O2  conftest.c >&5
configure:8705: $? = 0
configure:8705: result: yes
configure:8705: checking for unistd.h
configure:8705: gcc -c -g -O2  conftest.c >&5
configure:8705: $? = 0
configure:8705: result: yes
configure:8730: checking for dlfcn.h
configure:8730: gcc -c -g -O2  conftest.c >&5
configure:8730: $? = 0
configure:8730: result: yes
configure:8988: checking for objdir
configure:9004: result: .libs
configure:9268: checking if gcc supports -fno-rtti -fno-exceptions
configure:9287: gcc -c -g -O2  -fno-rtti -fno-exceptions conftest.c >&5
cc1: warning: command-line option '-fno-rtti' is valid for C++/D/ObjC++ but not for C
configure:9291: $? = 0
configure:9304: result: no
configure:9668: checking for gcc option to produce PIC
configure:9676: result: -fPIC -DPIC
configure:9684: checking if gcc PIC flag -fPIC -DPIC works
configure:9703: gcc -c -g -O2  -fPIC -DPIC -DPIC conftest.c >&5
configure:9707: $? = 0
configure:9720: result: yes
configure:9749: checking if gcc static flag -static works
configure:9778: result: yes
configure:9793: checking if gcc supports -c -o file.o
configure:9815: gcc -c -g -O2  -o out/conftest2.o conftest.c >&5
configure:9819: $? = 0
configure:9841: result: yes
configure:9849: checking if gcc supports -c -o file.o
configure:9897: result: yes
configure:9930: checking whether the gcc linker (/usr/bin/ld -m elf_x86_64) supports shared libraries
configure:11204: result: yes
configure:11241: checking whether -lc should be explicitly linked in
configure:11250: gcc -c -g -O2  conftest.c >&5
configure:11253: $? = 0
configure:11268: gcc -shared  -fPIC -DPIC conftest.o  -v -Wl,-soname -Wl,conftest -o conftest 2\>\&1 \| /usr/bin/grep  -lc  \>/dev/null 2\>\&1
configure:11271: $? = 0
configure:11285: result: no
configure:11445: checking dynamic linker characteristics
configure:12027: gcc -o conftest -g -O2   -Wl,-rpath -Wl,/foo conftest.c  >&5
configure:12027: $? = 0
configure:12278: result: GNU/Linux ld.so
configure:12400: checking how to hardcode library paths into programs
configure:12425: result: immediate
configure:12977: checking whether stripping libraries is possible
configure:12986: result: yes
configure:13028: checking if libtool supports shared libraries
configure:13030: result: yes
configure:13033: checking whether to build shared libraries
configure:13058: result: yes
configure:13061: checking whether to build static libraries
configure:13065: result: no
configure:13106: checking for egrep
configure:13174: result: /usr/bin/grep -E
configure:13246: checking for pkg-config
configure:13269: found /usr/bin/pkg-config
configure:13281: result: /usr/bin/pkg-config
configure:13306: checking pkg-config is at least version 0.9.0
configure:13309: result: yes
configure:13331: checking for libxfce4panel-2.0 >= 4.16.0
configure:13335: result: 4.16.2
configure:13338: checking LIBXFCE4PANEL_CFLAGS
configure:13341: result: -pthread -I/usr/include/xfce4/libxfce4panel-2.0 -I/usr/include/gtk-3.0 -I/usr/include/at-spi2-atk/2.0 -I/usr/include/at-spi-2.0 -I/usr/include/dbus-1.0 -I/usr/lib/x86_64-linux-gnu/dbus-1.0/include -I/usr/include/gtk-3.0 -I/usr/include/gio-unix-2.0 -I/usr/include/cairo -I/usr/include/pango-1.0 -I/usr/include/fribidi -I/usr/include/harfbuzz -I/usr/include/atk-1.0 -I/usr/include/cairo -I/usr/include/pixman-1 -I/usr/include/uuid -I/usr/include/freetype2 -I/usr/include/libpng16 -I/usr/include/gdk-pixbuf-2.0 -I/usr/include/libmount -I/usr/include/blkid -I/usr/include/xfce4 -I/usr/include/glib-2.0 -I/usr/lib/x86_64-linux-gnu/glib-2.0/include
configure:13344: checking LIBXFCE4PANEL_LIBS
configure:13347: result: -lxfce4panel-2.0 -lgtk-3 -lgdk-3 -lpangocairo-1.0 -lpango-1.0 -lharfbuzz -latk-1.0 -lcairo-gobject -lcairo -lgdk_pixbuf-2.0 -lgio-2.0 -lgobject-2.0 -Wl,--export-dynamic -lgmodule-2.0 -pthread -lxfce4util -lglib-2.0
configure:13459: checking for pkg-config
configure:13494: result: /usr/bin/pkg-config
configure:13519: checking pkg-config is at least version 0.9.0
configure:13522: result: yes
configure:13544: checking for libxfce4util-1.0 >= 4.16.0
configure:13548: result: 4.16.0
configure:13551: checking LIBXFCE4UTIL_CFLAGS
configure:13554: result: -I/usr/include/xfce4 -I/usr/include/glib-2.0 -I/usr/lib/x86_64-linux-gnu/glib-2.0/include
configure:13557: checking LIBXFCE4UTIL_LIBS
configure:13560: result: -lxfce4util -lglib-2.0
configure:13672: checking for pkg-config
configure:13707: result: /usr/bin/pkg-config
configure:13732: checking pkg-config is at least version 0.9.0
configure:13735: result: yes
configure:13757: checking for libxfce4ui-2 >= 4.16.0
configure:13761: result: 4.16.0
configure:13764: checking LIBXFCE4UI_CFLAGS
configure:13767: result: -pthread -I/usr/include/xfce4/libxfce4ui-2 -I/usr/include/gtk-3.0 -I/usr/include/at-spi2-atk/2.0 -I/usr/include/at-spi-2.0 -I/usr/include/dbus-1.0 -I/usr/lib/x86_64-linux-gnu/dbus-1.0/include -I/usr/include/gtk-3.0 -I/usr/include/gio-unix-2.0 -I/usr/include/cairo -I/usr/include/pango-1.0 -I/usr/include/fribidi -I/usr/include/harfbuzz -I/usr/include/atk-1.0 -I/usr/include/cairo -I/usr/include/pixman-1 -I/usr/include/uuid -I/usr/include/freetype2 -I/usr/include/libpng16 -I/usr/include/gdk-pixbuf-2.0 -I/usr/include/libmount -I/usr/include/blkid -I/usr/include/xfce4 -I/usr/include/glib-2.0 -I/usr/lib/x86_64-linux-gnu/glib-2.0/include
configure:13770: checking LIBXFCE4UI_LIBS
configure:13773: result: -lxfce4ui-2 -lgtk-3 -lgdk-3 -lpangocairo-1.0 -lpango-1.0 -lharfbuzz -latk-1.0 -lcairo-gobject -lcairo -lgdk_pixbuf-2.0 -lgio-2.0 -lgobject-2.0 -lxfce4util -lglib-2.0
configure:13885: checking for pkg-config
configure:13920: result: /usr/bin/pkg-config
configure:13945: checking pkg-config is at least version 0.9.0
configure:13948: result: yes
configure:13970: checking for gthread-2.0 >= 2.42.0
configure:13974: result: 2.66.8
configure:13977: checking GTHREAD_CFLAGS
configure:13980: result: -pthread -I/usr/include/glib-2.0 -I/usr/lib/x86_64-linux-gnu/glib-2.0/include
configure:13983: checking GTHREAD_LIBS
configure:13986: result: -lgthread-2.0 -pthread -lglib-2.0
configure:14098: checking for pkg-config
configure:14133: result: /usr/bin/pkg-config
configure:14158: checking pkg-config is at least version 0.9.0
configure:14161: result: yes
configure:14183: checking for gtk+-3.0 >= 3.24.0
configure:14187: result: 3.24.24
configure:14190: checking GTK_CFLAGS
configure:14193: result: -pthread -I/usr/include/gtk-3.0 -I/usr/include/at-spi2-atk/2.0 -I/usr/include/at-spi-2.0 -I/usr/include/dbus-1.0 -I/usr/lib/x86_64-linux-gnu/dbus-1.0/include -I/usr/include/gtk-3.0 -I/usr/include/gio-unix-2.0 -I/usr/include/cairo -I/usr/include/pango-1.0 -I/usr/include/fribidi -I/usr/include/harfbuzz -I/usr/include/atk-1.0 -I/usr/include/cairo -I/usr/include/pixman-1 -I/usr/include/uuid -I/usr/include/freetype2 -I/usr/include/libpng16 -I/usr/include/gdk-pixbuf-2.0 -I/usr/include/libmount -I/usr/include/blkid -I/usr/include/glib-2.0 -I/usr/lib/x86_64-linux-gnu/glib-2.0/include
configure:14196: checking GTK_LIBS
configure:14199: result: -lgtk-3 -lgdk-3 -lpangocairo-1.0 -lpango-1.0 -lharfbuzz -latk-1.0 -lcairo-gobject -lcairo -lgdk_pixbuf-2.0 -lgio-2.0 -lgobject-2.0 -lglib-2.0
configure:14311: checking for pkg-config
configure:14346: result: /usr/bin/pkg-config
configure:14371: checking pkg-config is at least version 0.9.0
configure:14374: result: yes
configure:14396: checking for gdk-3.0 >= 3.24.0
configure:14400: result: 3.24.24
configure:14403: checking GDK_CFLAGS
configure:14406: result: -pthread -I/usr/include/gtk-3.0 -I/usr/include/gio-unix-2.0 -I/usr/include/cairo -I/usr/include/pango-1.0 -I/usr/include/fribidi -I/usr/include/harfbuzz -I/usr/include/gdk-pixbuf-2.0 -I/usr/include/libmount -I/usr/include/blkid -I/usr/include/cairo -I/usr/include/pixman-1 -I/usr/include/uuid -I/usr/include/freetype2 -I/usr/include/libpng16 -I/usr/include/glib-2.0 -I/usr/lib/x86_64-linux-gnu/glib-2.0/include
configure:14409: checking GDK_LIBS
configure:14412: result: -lgdk-3 -lpangocairo-1.0 -lpango-1.0 -lharfbuzz -lgdk_pixbuf-2.0 -lcairo-gobject -lcairo -lgobject-2.0 -lglib-2.0
configure:14524: checking for pkg-config
configure:14559: result: /usr/bin/pkg-config
configure:14584: checking pkg-config is at least version 0.9.0
configure:14587: result: yes
configure:14609: checking for glib-2.0 >= 2.66.0
configure:14613: result: 2.66.8
configure:14616: checking GLIB_CFLAGS
configure:14619: result: -I/usr/include/glib-2.0 -I/usr/lib/x86_64-linux-gnu/glib-2.0/include
configure:14622: checking GLIB_LIBS
configure:14625: result: -lglib-2.0
configure:14642: setting GLIB_VERSION_MAX_ALLOWED and GLIB_VERSION_MIN_REQUIRED according to 2.66.0
configure:14749: checking for pkg-config
configure:14784: result: /usr/bin/pkg-config
configure:14809: checking pkg-config is at least version 0.9.0
configure:14812: result: yes
configure:14834: checking for exo-2 >= 0.12.0
configure:14838: result: 4.16.0
configure:14841: checking EXO_CFLAGS
configure:14844: result: -pthread -I/usr/include/exo-2 -I/usr/include/gtk-3.0 -I/usr/include/at-spi2-atk/2.0 -I/usr/include/at-spi-2.0 -I/usr/include/dbus-1.0 -I/usr/lib/x86_64-linux-gnu/dbus-1.0/include -I/usr/include/gtk-3.0 -I/usr/include/gio-unix-2.0 -I/usr/include/cairo -I/usr/include/pango-1.0 -I/usr/include/fribidi -I/usr/include/harfbuzz -I/usr/include/atk-1.0 -I/usr/include/cairo -I/usr/include/pixman-1 -I/usr/include/uuid -I/usr/include/freetype2 -I/usr/include/libpng16 -I/usr/include/gdk-pixbuf-2.0 -I/usr/include/libmount -I/usr/include/blkid -I/usr/include/xfce4 -I/usr/include/glib-2.0 -I/usr/lib/x86_64-linux-gnu/glib-2.0/include
configure:14847: checking EXO_LIBS
configure:14850: result: -lexo-2 -lgtk-3 -lgdk-3 -lpangocairo-1.0 -lpango-1.0 -lharfbuzz -latk-1.0 -lcairo-gobject -lcairo -lgdk_pixbuf-2.0 -lgio-2.0 -lgobject-2.0 -lxfce4util -lglib-2.0
configure:14962: checking for pkg-config
configure:14997: result: /usr/bin/pkg-config
configure:15022: checking pkg-config is at least version 0.9.0
configure:15025: result: yes
configure:15047: checking for pango >= 1.44.0
configure:15051: result: 1.46.2
configure:15054: checking PANGO_CFLAGS
configure:15057: result: -pthread -I/usr/include/pango-1.0 -I/usr/include/libmount -I/usr/include/blkid -I/usr/include/fribidi -I/usr/include/cairo -I/usr/include/pixman-1 -I/usr/include/uuid -I/usr/include/harfbuzz -I/usr/include/glib-2.0 -I/usr/lib/x86_64-linux-gnu/glib-2.0/include -I/usr/include/freetype2 -I/usr/include/libpng16
configure:15060: checking PANGO_LIBS
configure:15063: result: -lpango-1.0 -lgobject-2.0 -lglib-2.0 -lharfbuzz
configure:15175: checking for pkg-config
configure:15210: result: /usr/bin/pkg-config
configure:15235: checking pkg-config is at least version 0.9.0
configure:15238: result: yes
configure:15260: checking for libxfconf-0 >= 4.16.0
configure:15264: result: 4.16.0
configure:15267: checking XFCONF_CFLAGS
configure:15270: result: -pthread -I/usr/include/xfce4/xfconf-0 -I/usr/include/libmount -I/usr/include/blkid -I/usr/include/glib-2.0 -I/usr/lib/x86_64-linux-gnu/glib-2.0/include
configure:15273: checking XFCONF_LIBS
configure:15276: result: -lxfconf-0 -lgio-2.0 -lgobject-2.0 -lglib-2.0
configure:16579: checking for pkg-config
configure:16614: result: /usr/bin/pkg-config
configure:16639: checking pkg-config is at least version 0.9.0
configure:16642: result: yes
configure:16664: checking for x11 >= 1.6.7
configure:16668: result: 1.7.2
configure:16671: checking LIBX11_CFLAGS
configure:16674: result: 
configure:16677: checking LIBX11_LIBS
configure:16680: result: -lX11
configure:16811: checking for pkg-config
configure:16846: result: /usr/bin/pkg-config
configure:16871: checking pkg-config is at least version 0.9.0
configure:16874: result: yes
configure:16896: checking for gdk-x11-3.0 >= 3.24.0
configure:16900: result: 3.24.24
configure:16903: checking GDKX11_CFLAGS
configure:16906: result: -pthread -I/usr/include/gtk-3.0 -I/usr/include/gio-unix-2.0 -I/usr/include/cairo -I/usr/include/pango-1.0 -I/usr/include/fribidi -I/usr/include/harfbuzz -I/usr/include/gdk-pixbuf-2.0 -I/usr/include/libmount -I/usr/include/blkid -I/usr/include/cairo -I/usr/include/pixman-1 -I/usr/include/uuid -I/usr/include/freetype2 -I/usr/include/libpng16 -I/usr/include/glib-2.0 -I/usr/lib/x86_64-linux-gnu/glib-2.0/include
configure:16909: checking GDKX11_LIBS
configure:16912: result: -lgdk-3 -lpangocairo-1.0 -lpango-1.0 -lharfbuzz -lgdk_pixbuf-2.0 -lcairo-gobject -lcairo -lgobject-2.0 -lglib-2.0
configure:17043: checking for pkg-config
configure:17078: result: /usr/bin/pkg-config
configure:17103: checking pkg-config is at least version 0.9.0
configure:17106: result: yes
configure:17128: checking for xi >= 1.7.8
configure:17132: result: 1.7.10
configure:17135: checking XINPUT2_CFLAGS
configure:17138: result: 
configure:17141: checking XINPUT2_LIBS
configure:17144: result: -lXi
configure:17275: checking for pkg-config
configure:17310: result: /usr/bin/pkg-config
configure:17335: checking pkg-config is at least version 0.9.0
configure:17338: result: yes
configure:17360: checking for xext >= 1.0.0
configure:17364: result: 1.3.3
configure:17367: checking LIBXEXT_CFLAGS
configure:17370: result: 
configure:17373: checking LIBXEXT_LIBS
configure:17376: result: -lXext
configure:17507: checking for pkg-config
configure:17542: result: /usr/bin/pkg-config
configure:17567: checking pkg-config is at least version 0.9.0
configure:17570: result: yes
configure:17592: checking for xfixes >= 4.0.0
configure:17596: result: 5.0.3
configure:17599: checking XFIXES_CFLAGS
configure:17602: result: 
configure:17605: checking XFIXES_LIBS
configure:17608: result: -lXfixes
configure:17667: checking if the X11 windowing system is enabled
configure:17669: result: yes
configure:18492: checking for pkg-config
configure:18527: result: /usr/bin/pkg-config
configure:18552: checking pkg-config is at least version 0.9.0
configure:18555: result: yes
configure:18577: checking for gdk-wayland-3.0 >= 3.24.0
configure:18581: result: 3.24.24
configure:18584: checking GDK_WAYLAND_CFLAGS
configure:18587: result: -pthread -I/usr/include/gtk-3.0 -I/usr/include/gio-unix-2.0 -I/usr/include/cairo -I/usr/include/pango-1.0 -I/usr/include/fribidi -I/usr/include/harfbuzz -I/usr/include/gdk-pixbuf-2.0 -I/usr/include/libmount -I/usr/include/blkid -I/usr/include/cairo -I/usr/include/pixman-1 -I/usr/include/uuid -I/usr/include/freetype2 -I/usr/include/libpng16 -I/usr/include/glib-2.0 -I/usr/lib/x86_64-linux-gnu/glib-2.0/include
configure:18590: checking GDK_WAYLAND_LIBS
configure:18593: result: -lgdk-3 -lpangocairo-1.0 -lpango-1.0 -lharfbuzz -lgdk_pixbuf-2.0 -lcairo-gobject -lcairo -lgobject-2.0 -lglib-2.0
configure:18724: checking for pkg-config
configure:18759: result: /usr/bin/pkg-config
configure:18784: checking pkg-config is at least version 0.9.0
configure:18787: result: yes
configure:18809: checking for wayland-scanner >= 1.15.0
configure:18813: result: 1.18.0
configure:18816: checking WAYLAND_SCANNER_CFLAGS
configure:18819: result: 
configure:18822: checking WAYLAND_SCANNER_LIBS
configure:18825: result: 
configure:18956: checking for pkg-config
configure:18991: result: /usr/bin/pkg-config
configure:19016: checking pkg-config is at least version 0.9.0
configure:19019: result: yes
configure:19041: checking for wayland-client >= 1.15.0
configure:19045: result: 1.18.0
configure:19048: checking WAYLAND_CLIENT_CFLAGS
configure:19051: result: 
configure:19054: checking WAYLAND_CLIENT_LIBS
configure:19057: result: -lwayland-client
configure:19116: checking if the Wayland windowing system is enabled
configure:19118: result: yes
configure:19236: checking for pkg-config
configure:19271: result: /usr/bin/pkg-config
configure:19296: checking pkg-config is at least version 0.9.0
configure:19299: result: yes
configure:19321: checking for xtst >= libxtst_min_version
configure:19325: result: 1.2.3
configure:19328: checking LIBXTST_CFLAGS
configure:19331: result: 
configure:19334: checking LIBXTST_LIBS
configure:19337: result: -lXtst
configure:19420: checking for wlr-protocols
configure:19422: result: /home/hgode/Downloads/xfce4-screenshooter-1.11.1/protocols/wlr-protocols
configure:19434: checking whether NLS is requested
configure:19444: result: yes
configure:19484: checking for msgfmt
configure:19520: result: no
configure:19526: checking for gmsgfmt
configure:19562: result: :
configure:19612: checking for xgettext
configure:19648: result: no
configure:19690: checking for msgmerge
configure:19725: result: no
configure:19781: checking for ld used by gcc
configure:19849: result: /usr/bin/ld -m elf_x86_64
configure:19856: checking if the linker (/usr/bin/ld -m elf_x86_64) is GNU ld
configure:19872: result: yes
configure:19880: checking for shared library run path origin
configure:19894: result: done
configure:19919: checking how to run the C preprocessor
configure:19945: gcc -E  conftest.c
configure:19945: $? = 0
configure:19960: gcc -E  conftest.c
conftest.c:38:10: fatal error: ac_nonexistent.h: No such file or directory
   38 | #include <ac_nonexistent.h>
      |          ^~~~~~~~~~~~~~~~~~
compilation terminated.
configure:19960: $? = 1
configure: failed program was:
| /* confdefs.h */
| #define PACKAGE_NAME "xfce4-screenshooter"
| #define PACKAGE_TARNAME "xfce4-screenshooter"
| #define PACKAGE_VERSION "1.11.1"
| #define PACKAGE_STRING "xfce4-screenshooter 1.11.1"
| #define PACKAGE_BUGREPORT "https://gitlab.xfce.org/apps/xfce4-screenshooter"
| #define PACKAGE_URL ""
| #define PACKAGE "xfce4-screenshooter"
| #define VERSION "1.11.1"
| #define HAVE_STDIO_H 1
| #define HAVE_STDLIB_H 1
| #define HAVE_STRING_H 1
| #define HAVE_INTTYPES_H 1
| #define HAVE_STDINT_H 1
| #define HAVE_STRINGS_H 1
| #define HAVE_SYS_STAT_H 1
| #define HAVE_SYS_TYPES_H 1
| #define HAVE_UNISTD_H 1
| #define STDC_HEADERS 1
| #define HAVE_DLFCN_H 1
| #define LT_OBJDIR ".libs/"
| #define G_LOG_USE_STRUCTURED 1
| #define GLIB_VERSION_MAX_ALLOWED GLIB_VERSION_2_66
| #define GLIB_VERSION_MIN_REQUIRED GLIB_VERSION_2_66
| #define HAVE_LIBX11 1
| #define HAVE_GDKX11 1
| #define HAVE_XINPUT2 1
| #define HAVE_LIBXEXT 1
| #define HAVE_XFIXES 1
| #define ENABLE_X11 1
| #define HAVE_GDK_WAYLAND 1
| #define HAVE_WAYLAND_SCANNER 1
| #define HAVE_WAYLAND_CLIENT 1
| #define ENABLE_WAYLAND 1
| #define HAVE_LIBXTST 1
| #define GETTEXT_PACKAGE "xfce4-screenshooter"
| /* end confdefs.h.  */
| #include <ac_nonexistent.h>
configure:19987: result: gcc -E
configure:20001: gcc -E  conftest.c
configure:20001: $? = 0
configure:20016: gcc -E  conftest.c
conftest.c:38:10: fatal error: ac_nonexistent.h: No such file or directory
   38 | #include <ac_nonexistent.h>
      |          ^~~~~~~~~~~~~~~~~~
compilation terminated.
configure:20016: $? = 1
configure: failed program was:
| /* confdefs.h */
| #define PACKAGE_NAME "xfce4-screenshooter"
| #define PACKAGE_TARNAME "xfce4-screenshooter"
| #define PACKAGE_VERSION "1.11.1"
| #define PACKAGE_STRING "xfce4-screenshooter 1.11.1"
| #define PACKAGE_BUGREPORT "https://gitlab.xfce.org/apps/xfce4-screenshooter"
| #define PACKAGE_URL ""
| #define PACKAGE "xfce4-screenshooter"
| #define VERSION "1.11.1"
| #define HAVE_STDIO_H 1
| #define HAVE_STDLIB_H 1
| #define HAVE_STRING_H 1
| #define HAVE_INTTYPES_H 1
| #define HAVE_STDINT_H 1
| #define HAVE_STRINGS_H 1
| #define HAVE_SYS_STAT_H 1
| #define HAVE_SYS_TYPES_H 1
| #define HAVE_UNISTD_H 1
| #define STDC_HEADERS 1
| #define HAVE_DLFCN_H 1
| #define LT_OBJDIR ".libs/"
| #define G_LOG_USE_STRUCTURED 1
| #define GLIB_VERSION_MAX_ALLOWED GLIB_VERSION_2_66
| #define GLIB_VERSION_MIN_REQUIRED GLIB_VERSION_2_66
| #define HAVE_LIBX11 1
| #define HAVE_GDKX11 1
| #define HAVE_XINPUT2 1
| #define HAVE_LIBXEXT 1
| #define HAVE_XFIXES 1
| #define ENABLE_X11 1
| #define HAVE_GDK_WAYLAND 1
| #define HAVE_WAYLAND_SCANNER 1
| #define HAVE_WAYLAND_CLIENT 1
| #define ENABLE_WAYLAND 1
| #define HAVE_LIBXTST 1
| #define GETTEXT_PACKAGE "xfce4-screenshooter"
| /* end confdefs.h.  */
| #include <ac_nonexistent.h>
configure:20603: checking for CFPreferencesCopyAppValue
configure:20622: gcc -o conftest -g -O2   conftest.c  -Wl,-framework -Wl,CoreFoundation >&5
conftest.c:38:10: fatal error: CoreFoundation/CFPreferences.h: No such file or directory
   38 | #include <CoreFoundation/CFPreferences.h>
      |          ^~~~~~~~~~~~~~~~~~~~~~~~~~~~~~~~
compilation terminated.
configure:20622: $? = 1
configure: failed program was:
| /* confdefs.h */
| #define PACKAGE_NAME "xfce4-screenshooter"
| #define PACKAGE_TARNAME "xfce4-screenshooter"
| #define PACKAGE_VERSION "1.11.1"
| #define PACKAGE_STRING "xfce4-screenshooter 1.11.1"
| #define PACKAGE_BUGREPORT "https://gitlab.xfce.org/apps/xfce4-screenshooter"
| #define PACKAGE_URL ""
| #define PACKAGE "xfce4-screenshooter"
| #define VERSION "1.11.1"
| #define HAVE_STDIO_H 1
| #define HAVE_STDLIB_H 1
| #define HAVE_STRING_H 1
| #define HAVE_INTTYPES_H 1
| #define HAVE_STDINT_H 1
| #define HAVE_STRINGS_H 1
| #define HAVE_SYS_STAT_H 1
| #define HAVE_SYS_TYPES_H 1
| #define HAVE_UNISTD_H 1
| #define STDC_HEADERS 1
| #define HAVE_DLFCN_H 1
| #define LT_OBJDIR ".libs/"
| #define G_LOG_USE_STRUCTURED 1
| #define GLIB_VERSION_MAX_ALLOWED GLIB_VERSION_2_66
| #define GLIB_VERSION_MIN_REQUIRED GLIB_VERSION_2_66
| #define HAVE_LIBX11 1
| #define HAVE_GDKX11 1
| #define HAVE_XINPUT2 1
| #define HAVE_LIBXEXT 1
| #define HAVE_XFIXES 1
| #define ENABLE_X11 1
| #define HAVE_GDK_WAYLAND 1
| #define HAVE_WAYLAND_SCANNER 1
| #define HAVE_WAYLAND_CLIENT 1
| #define ENABLE_WAYLAND 1
| #define HAVE_LIBXTST 1
| #define GETTEXT_PACKAGE "xfce4-screenshooter"
| /* end confdefs.h.  */
| #include <CoreFoundation/CFPreferences.h>
| int
| main (void)
| {
| CFPreferencesCopyAppValue(NULL, NULL)
|   ;
|   return 0;
| }
configure:20632: result: no
configure:20639: checking for CFLocaleCopyCurrent
configure:20658: gcc -o conftest -g -O2   conftest.c  -Wl,-framework -Wl,CoreFoundation >&5
conftest.c:38:10: fatal error: CoreFoundation/CFLocale.h: No such file or directory
   38 | #include <CoreFoundation/CFLocale.h>
      |          ^~~~~~~~~~~~~~~~~~~~~~~~~~~
compilation terminated.
configure:20658: $? = 1
configure: failed program was:
| /* confdefs.h */
| #define PACKAGE_NAME "xfce4-screenshooter"
| #define PACKAGE_TARNAME "xfce4-screenshooter"
| #define PACKAGE_VERSION "1.11.1"
| #define PACKAGE_STRING "xfce4-screenshooter 1.11.1"
| #define PACKAGE_BUGREPORT "https://gitlab.xfce.org/apps/xfce4-screenshooter"
| #define PACKAGE_URL ""
| #define PACKAGE "xfce4-screenshooter"
| #define VERSION "1.11.1"
| #define HAVE_STDIO_H 1
| #define HAVE_STDLIB_H 1
| #define HAVE_STRING_H 1
| #define HAVE_INTTYPES_H 1
| #define HAVE_STDINT_H 1
| #define HAVE_STRINGS_H 1
| #define HAVE_SYS_STAT_H 1
| #define HAVE_SYS_TYPES_H 1
| #define HAVE_UNISTD_H 1
| #define STDC_HEADERS 1
| #define HAVE_DLFCN_H 1
| #define LT_OBJDIR ".libs/"
| #define G_LOG_USE_STRUCTURED 1
| #define GLIB_VERSION_MAX_ALLOWED GLIB_VERSION_2_66
| #define GLIB_VERSION_MIN_REQUIRED GLIB_VERSION_2_66
| #define HAVE_LIBX11 1
| #define HAVE_GDKX11 1
| #define HAVE_XINPUT2 1
| #define HAVE_LIBXEXT 1
| #define HAVE_XFIXES 1
| #define ENABLE_X11 1
| #define HAVE_GDK_WAYLAND 1
| #define HAVE_WAYLAND_SCANNER 1
| #define HAVE_WAYLAND_CLIENT 1
| #define ENABLE_WAYLAND 1
| #define HAVE_LIBXTST 1
| #define GETTEXT_PACKAGE "xfce4-screenshooter"
| /* end confdefs.h.  */
| #include <CoreFoundation/CFLocale.h>
| int
| main (void)
| {
| CFLocaleCopyCurrent();
|   ;
|   return 0;
| }
configure:20668: result: no
configure:20717: checking for GNU gettext in libc
configure:20747: gcc -o conftest -g -O2   conftest.c  >&5
configure:20747: $? = 0
configure:20757: result: yes
configure:21614: checking whether to use NLS
configure:21616: result: yes
configure:21619: checking where the gettext function comes from
configure:21630: result: libc
configure:21693: checking for help2man
configure:21728: result: no
configure:21775: checking whether to build with debugging support
configure:21816: result: minimum
configure:21828: checking if gcc supports -Wall
configure:21836: gcc -c -g -O2 -Wall  -DNDEBUG conftest.c >&5
configure:21836: $? = 0
configure:21844: result: yes
configure:21828: checking if gcc supports -Wextra
configure:21836: gcc -c -g -O2 -Wextra  -DNDEBUG conftest.c >&5
configure:21836: $? = 0
configure:21844: result: yes
configure:21828: checking if gcc supports -Wno-missing-field-initializers
configure:21836: gcc -c -g -O2 -Wno-missing-field-initializers  -DNDEBUG conftest.c >&5
configure:21836: $? = 0
configure:21844: result: yes
configure:21828: checking if gcc supports -Wno-unused-parameter
configure:21836: gcc -c -g -O2 -Wno-unused-parameter  -DNDEBUG conftest.c >&5
configure:21836: $? = 0
configure:21844: result: yes
configure:21828: checking if gcc supports -Wmissing-declarations
configure:21836: gcc -c -g -O2 -Wmissing-declarations  -DNDEBUG conftest.c >&5
configure:21836: $? = 0
configure:21844: result: yes
configure:21828: checking if gcc supports -Wmissing-noreturn
configure:21836: gcc -c -g -O2 -Wmissing-noreturn  -DNDEBUG conftest.c >&5
configure:21836: $? = 0
configure:21844: result: yes
configure:21828: checking if gcc supports -Wpointer-arith
configure:21836: gcc -c -g -O2 -Wpointer-arith  -DNDEBUG conftest.c >&5
configure:21836: $? = 0
configure:21844: result: yes
configure:21828: checking if gcc supports -Wcast-align
configure:21836: gcc -c -g -O2 -Wcast-align  -DNDEBUG conftest.c >&5
configure:21836: $? = 0
configure:21844: result: yes
configure:21828: checking if gcc supports -Wformat
configure:21836: gcc -c -g -O2 -Wformat  -DNDEBUG conftest.c >&5
configure:21836: $? = 0
configure:21844: result: yes
configure:21828: checking if gcc supports -Wformat-security
configure:21836: gcc -c -g -O2 -Wformat-security  -DNDEBUG conftest.c >&5
cc1: warning: '-Wformat-security' ignored without '-Wformat' [-Wformat-security]
configure:21836: $? = 0
configure:21844: result: yes
configure:21828: checking if gcc supports -Wformat-y2k
configure:21836: gcc -c -g -O2 -Wformat-y2k  -DNDEBUG conftest.c >&5
cc1: warning: '-Wformat-y2k' ignored without '-Wformat' [-Wformat-y2k]
configure:21836: $? = 0
configure:21844: result: yes
configure:21828: checking if gcc supports -Winit-self
configure:21836: gcc -c -g -O2 -Winit-self  -DNDEBUG conftest.c >&5
configure:21836: $? = 0
configure:21844: result: yes
configure:21828: checking if gcc supports -Wmissing-include-dirs
configure:21836: gcc -c -g -O2 -Wmissing-include-dirs  -DNDEBUG conftest.c >&5
configure:21836: $? = 0
configure:21844: result: yes
configure:21828: checking if gcc supports -Wundef
configure:21836: gcc -c -g -O2 -Wundef  -DNDEBUG conftest.c >&5
configure:21836: $? = 0
configure:21844: result: yes
configure:21828: checking if gcc supports -Wredundant-decls
configure:21836: gcc -c -g -O2 -Wredundant-decls  -DNDEBUG conftest.c >&5
configure:21836: $? = 0
configure:21844: result: yes
configure:21828: checking if gcc supports -Wshadow
configure:21836: gcc -c -g -O2 -Wshadow  -DNDEBUG conftest.c >&5
configure:21836: $? = 0
configure:21844: result: yes
configure:21828: checking if gcc supports -Wnested-externs
configure:21836: gcc -c -g -O2 -Wnested-externs  -DNDEBUG conftest.c >&5
configure:21836: $? = 0
configure:21844: result: yes
configure:21828: checking if gcc supports -Wold-style-definition
configure:21836: gcc -c -g -O2 -Wold-style-definition  -DNDEBUG conftest.c >&5
configure:21836: $? = 0
configure:21844: result: yes
configure:21854: checking if gcc supports -Wall
configure:21862: gcc -c -g -O2 -Wall  -DNDEBUG conftest.c >&5
configure:21862: $? = 0
configure:21870: result: yes
configure:21854: checking if gcc supports -Wextra
configure:21862: gcc -c -g -O2 -Wextra  -DNDEBUG conftest.c >&5
configure:21862: $? = 0
configure:21870: result: yes
configure:21854: checking if gcc supports -Wno-missing-field-initializers
configure:21862: gcc -c -g -O2 -Wno-missing-field-initializers  -DNDEBUG conftest.c >&5
configure:21862: $? = 0
configure:21870: result: yes
configure:21854: checking if gcc supports -Wno-unused-parameter
configure:21862: gcc -c -g -O2 -Wno-unused-parameter  -DNDEBUG conftest.c >&5
configure:21862: $? = 0
configure:21870: result: yes
configure:21854: checking if gcc supports -Wmissing-declarations
configure:21862: gcc -c -g -O2 -Wmissing-declarations  -DNDEBUG conftest.c >&5
configure:21862: $? = 0
configure:21870: result: yes
configure:21854: checking if gcc supports -Wmissing-noreturn
configure:21862: gcc -c -g -O2 -Wmissing-noreturn  -DNDEBUG conftest.c >&5
configure:21862: $? = 0
configure:21870: result: yes
configure:21854: checking if gcc supports -Wpointer-arith
configure:21862: gcc -c -g -O2 -Wpointer-arith  -DNDEBUG conftest.c >&5
configure:21862: $? = 0
configure:21870: result: yes
configure:21854: checking if gcc supports -Wcast-align
configure:21862: gcc -c -g -O2 -Wcast-align  -DNDEBUG conftest.c >&5
configure:21862: $? = 0
configure:21870: result: yes
configure:21854: checking if gcc supports -Wformat
configure:21862: gcc -c -g -O2 -Wformat  -DNDEBUG conftest.c >&5
configure:21862: $? = 0
configure:21870: result: yes
configure:21854: checking if gcc supports -Wformat-security
configure:21862: gcc -c -g -O2 -Wformat-security  -DNDEBUG conftest.c >&5
cc1: warning: '-Wformat-security' ignored without '-Wformat' [-Wformat-security]
configure:21862: $? = 0
configure:21870: result: yes
configure:21854: checking if gcc supports -Wformat-y2k
configure:21862: gcc -c -g -O2 -Wformat-y2k  -DNDEBUG conftest.c >&5
cc1: warning: '-Wformat-y2k' ignored without '-Wformat' [-Wformat-y2k]
configure:21862: $? = 0
configure:21870: result: yes
configure:21854: checking if gcc supports -Winit-self
configure:21862: gcc -c -g -O2 -Winit-self  -DNDEBUG conftest.c >&5
configure:21862: $? = 0
configure:21870: result: yes
configure:21854: checking if gcc supports -Wmissing-include-dirs
configure:21862: gcc -c -g -O2 -Wmissing-include-dirs  -DNDEBUG conftest.c >&5
configure:21862: $? = 0
configure:21870: result: yes
configure:21854: checking if gcc supports -Wundef
configure:21862: gcc -c -g -O2 -Wundef  -DNDEBUG conftest.c >&5
configure:21862: $? = 0
configure:21870: result: yes
configure:21854: checking if gcc supports -Wredundant-decls
configure:21862: gcc -c -g -O2 -Wredundant-decls  -DNDEBUG conftest.c >&5
configure:21862: $? = 0
configure:21870: result: yes
configure:21854: checking if gcc supports -Wshadow
configure:21862: gcc -c -g -O2 -Wshadow  -DNDEBUG conftest.c >&5
configure:21862: $? = 0
configure:21870: result: yes
configure:21989: checking that generated files are newer than configure
configure:21995: result: done
configure:22042: creating ./config.status

## ---------------------- ##
## Running config.status. ##
## ---------------------- ##

This file was extended by xfce4-screenshooter config.status 1.11.1, which was
generated by GNU Autoconf 2.71.  Invocation command line was

  CONFIG_FILES    = 
  CONFIG_HEADERS  = 
  CONFIG_LINKS    = 
  CONFIG_COMMANDS = 
  $ ./config.status 

on x240

config.status:1248: creating Makefile
config.status:1248: creating po/Makefile.in
config.status:1248: creating config.h
config.status:1477: executing depfiles commands
config.status:1554: cd .       && sed -e '/# am--include-marker/d' Makefile         | make -f - am--depfiles
config.status:1559: $? = 0
config.status:1477: executing libtool commands
config.status:1477: executing po-directories commands

## ---------------- ##
## Cache variables. ##
## ---------------- ##

ac_cv_build=x86_64-pc-linux-gnu
ac_cv_c_compiler_gnu=yes
ac_cv_env_CC_set=
ac_cv_env_CC_value=
ac_cv_env_CFLAGS_set=
ac_cv_env_CFLAGS_value=
ac_cv_env_CPPFLAGS_set=
ac_cv_env_CPPFLAGS_value=
ac_cv_env_CPP_set=
ac_cv_env_CPP_value=
ac_cv_env_LDFLAGS_set=
ac_cv_env_LDFLAGS_value=
ac_cv_env_LIBS_set=
ac_cv_env_LIBS_value=
ac_cv_env_LT_SYS_LIBRARY_PATH_set=
ac_cv_env_LT_SYS_LIBRARY_PATH_value=
ac_cv_env_PKG_CONFIG_LIBDIR_set=
ac_cv_env_PKG_CONFIG_LIBDIR_value=
ac_cv_env_PKG_CONFIG_PATH_set=
ac_cv_env_PKG_CONFIG_PATH_value=
ac_cv_env_PKG_CONFIG_set=
ac_cv_env_PKG_CONFIG_value=
ac_cv_env_build_alias_set=
ac_cv_env_build_alias_value=
ac_cv_env_host_alias_set=
ac_cv_env_host_alias_value=
ac_cv_env_target_alias_set=
ac_cv_env_target_alias_value=
ac_cv_header_dlfcn_h=yes
ac_cv_header_inttypes_h=yes
ac_cv_header_stdint_h=yes
ac_cv_header_stdio_h=yes
ac_cv_header_stdlib_h=yes
ac_cv_header_string_h=yes
ac_cv_header_strings_h=yes
ac_cv_header_sys_stat_h=yes
ac_cv_header_sys_types_h=yes
ac_cv_header_unistd_h=yes
ac_cv_host=x86_64-pc-linux-gnu
ac_cv_objext=o
ac_cv_path_EGREP='/usr/bin/grep -E'
ac_cv_path_FGREP='/usr/bin/grep -F'
ac_cv_path_GMSGFMT=:
ac_cv_path_GREP=/usr/bin/grep
ac_cv_path_MSGFMT=:
ac_cv_path_MSGMERGE=:
ac_cv_path_SED=/usr/bin/sed
ac_cv_path_XGETTEXT=:
ac_cv_path_ac_pt_PKG_CONFIG=/usr/bin/pkg-config
ac_cv_path_install='/usr/bin/install -c'
ac_cv_path_lt_DD=/usr/bin/dd
ac_cv_path_mkdir=/usr/bin/mkdir
ac_cv_prog_AWK=mawk
ac_cv_prog_CPP='gcc -E'
ac_cv_prog_ac_ct_AR=ar
ac_cv_prog_ac_ct_CC=gcc
ac_cv_prog_ac_ct_FILECMD=file
ac_cv_prog_ac_ct_MANIFEST_TOOL=mt
ac_cv_prog_ac_ct_OBJDUMP=objdump
ac_cv_prog_ac_ct_RANLIB=ranlib
ac_cv_prog_ac_ct_STRIP=strip
ac_cv_prog_cc_c11=
ac_cv_prog_cc_g=yes
ac_cv_prog_cc_gcc_c_o=yes
ac_cv_prog_cc_stdc=
ac_cv_prog_make_make_set=yes
acl_cv_hardcode_direct=no
acl_cv_hardcode_libdir_flag_spec='${wl}-rpath ${wl}$libdir'
acl_cv_hardcode_libdir_separator=
acl_cv_hardcode_minus_L=no
acl_cv_libext=a
acl_cv_libname_spec='lib$name'
acl_cv_library_names_spec='$libname$shrext'
acl_cv_path_LD='/usr/bin/ld -m elf_x86_64'
acl_cv_prog_gnu_ld=yes
acl_cv_rpath=done
acl_cv_shlibext=so
acl_cv_wl=-Wl,
am_cv_CC_dependencies_compiler_type=gcc3
am_cv_make_support_nested_variables=yes
am_cv_prog_cc_c_o=yes
am_cv_prog_tar_ustar=gnutar
gt_cv_func_CFLocaleCopyCurrent=no
gt_cv_func_CFPreferencesCopyAppValue=no
gt_cv_func_gnugettext1_libc=yes
lt_cv_ar_at_file=@
lt_cv_archive_cmds_need_lc=no
lt_cv_deplibs_check_method=pass_all
lt_cv_file_magic_cmd='$MAGIC_CMD'
lt_cv_file_magic_test_file=
lt_cv_ld_reload_flag=-r
lt_cv_nm_interface='BSD nm'
lt_cv_objdir=.libs
lt_cv_path_LD=/usr/bin/ld
lt_cv_path_NM='/usr/bin/nm -B'
lt_cv_path_mainfest_tool=no
lt_cv_prog_compiler_c_o=yes
lt_cv_prog_compiler_pic='-fPIC -DPIC'
lt_cv_prog_compiler_pic_works=yes
lt_cv_prog_compiler_rtti_exceptions=no
lt_cv_prog_compiler_static_works=yes
lt_cv_prog_gnu_ld=yes
lt_cv_sharedlib_from_linklib_cmd='printf %s\n'
lt_cv_shlibpath_overrides_runpath=yes
lt_cv_sys_global_symbol_pipe='/usr/bin/sed -n -e '\''s/^.*[	 ]\([ABCDGIRSTW][ABCDGIRSTW]*\)[	 ][	 ]*\([_A-Za-z][_A-Za-z0-9]*\)$/\1 \2 \2/p'\'' | /usr/bin/sed '\''/ __gnu_lto/d'\'''
lt_cv_sys_global_symbol_to_c_name_address='/usr/bin/sed -n -e '\''s/^: \(.*\) .*$/  {"\1", (void *) 0},/p'\'' -e '\''s/^[ABCDGIRSTW][ABCDGIRSTW]* .* \(.*\)$/  {"\1", (void *) \&\1},/p'\'''
lt_cv_sys_global_symbol_to_c_name_address_lib_prefix='/usr/bin/sed -n -e '\''s/^: \(.*\) .*$/  {"\1", (void *) 0},/p'\'' -e '\''s/^[ABCDGIRSTW][ABCDGIRSTW]* .* \(lib.*\)$/  {"\1", (void *) \&\1},/p'\'' -e '\''s/^[ABCDGIRSTW][ABCDGIRSTW]* .* \(.*\)$/  {"lib\1", (void *) \&\1},/p'\'''
lt_cv_sys_global_symbol_to_cdecl='/usr/bin/sed -n -e '\''s/^T .* \(.*\)$/extern int \1();/p'\'' -e '\''s/^[ABCDGIRSTW][ABCDGIRSTW]* .* \(.*\)$/extern char \1;/p'\'''
lt_cv_sys_global_symbol_to_import=
lt_cv_sys_max_cmd_len=1572864
lt_cv_to_host_file_cmd=func_convert_file_noop
lt_cv_to_tool_file_cmd=func_convert_file_noop
lt_cv_truncate_bin='/usr/bin/dd bs=4096 count=1'
xdt_cv_LIBXTST_check=yes
xdt_cv_PKG_CONFIG_MIN_VERSION=0.9.0
xdt_cv_WAYLAND_enabled=auto
xdt_cv_X11_enabled=auto
xdt_cv_additional_CFLAGS='-Wall -Wextra                                   -Wno-missing-field-initializers                                   -Wno-unused-parameter                                   -Wmissing-declarations                                   -Wmissing-noreturn -Wpointer-arith                                   -Wcast-align -Wformat -Wformat-security -Wformat-y2k                                   -Winit-self -Wmissing-include-dirs -Wundef                                   -Wredundant-decls -Wshadow                             -Wnested-externs                             -Wold-style-definition'
xdt_cv_additional_COMMON_FLAGS='-Wall -Wextra                                   -Wno-missing-field-initializers                                   -Wno-unused-parameter                                   -Wmissing-declarations                                   -Wmissing-noreturn -Wpointer-arith                                   -Wcast-align -Wformat -Wformat-security -Wformat-y2k                                   -Winit-self -Wmissing-include-dirs -Wundef                                   -Wredundant-decls -Wshadow'
xdt_cv_additional_CXXFLAGS='-Wall -Wextra                                   -Wno-missing-field-initializers                                   -Wno-unused-parameter                                   -Wmissing-declarations                                   -Wmissing-noreturn -Wpointer-arith                                   -Wcast-align -Wformat -Wformat-security -Wformat-y2k                                   -Winit-self -Wmissing-include-dirs -Wundef                                   -Wredundant-decls -Wshadow'

## ----------------- ##
## Output variables. ##
## ----------------- ##

ACLOCAL='${SHELL} '\''/home/hgode/Downloads/xfce4-screenshooter-1.11.1/missing'\'' aclocal-1.16'
AMDEPBACKSLASH='\'
AMDEP_FALSE='#'
AMDEP_TRUE=''
AMTAR='$${TAR-tar}'
AM_BACKSLASH='\'
AM_DEFAULT_V='$(AM_DEFAULT_VERBOSITY)'
AM_DEFAULT_VERBOSITY='0'
AM_V='$(V)'
AR='ar'
AUTOCONF='${SHELL} '\''/home/hgode/Downloads/xfce4-screenshooter-1.11.1/missing'\'' autoconf'
AUTOHEADER='${SHELL} '\''/home/hgode/Downloads/xfce4-screenshooter-1.11.1/missing'\'' autoheader'
AUTOMAKE='${SHELL} '\''/home/hgode/Downloads/xfce4-screenshooter-1.11.1/missing'\'' automake-1.16'
AWK='mawk'
CC='gcc'
CCDEPMODE='depmode=gcc3'
CFLAGS='-g -O2  -Wall -Wextra -Wno-missing-field-initializers -Wno-unused-parameter -Wmissing-declarations -Wmissing-noreturn -Wpointer-arith -Wcast-align -Wformat -Wformat-security -Wformat-y2k -Winit-self -Wmissing-include-dirs -Wundef -Wredundant-decls -Wshadow -Wnested-externs -Wold-style-definition'
CPP='gcc -E'
CPPFLAGS=' -DNDEBUG'
CSCOPE='cscope'
CTAGS='ctags'
CYGPATH_W='echo'
DEFS='-DHAVE_CONFIG_H'
DEPDIR='.deps'
DLLTOOL='false'
DSYMUTIL=''
DUMPBIN=''
ECHO_C=''
ECHO_N='-n'
ECHO_T=''
EGREP='/usr/bin/grep -E'
ENABLE_WAYLAND_FALSE='#'
ENABLE_WAYLAND_TRUE=''
ENABLE_X11_FALSE='#'
ENABLE_X11_TRUE=''
ETAGS='etags'
EXEEXT=''
EXO_CFLAGS='-pthread -I/usr/include/exo-2 -I/usr/include/gtk-3.0 -I/usr/include/at-spi2-atk/2.0 -I/usr/include/at-spi-2.0 -I/usr/include/dbus-1.0 -I/usr/lib/x86_64-linux-gnu/dbus-1.0/include -I/usr/include/gtk-3.0 -I/usr/include/gio-unix-2.0 -I/usr/include/cairo -I/usr/include/pango-1.0 -I/usr/include/fribidi -I/usr/include/harfbuzz -I/usr/include/atk-1.0 -I/usr/include/cairo -I/usr/include/pixman-1 -I/usr/include/uuid -I/usr/include/freetype2 -I/usr/include/libpng16 -I/usr/include/gdk-pixbuf-2.0 -I/usr/include/libmount -I/usr/include/blkid -I/usr/include/xfce4 -I/usr/include/glib-2.0 -I/usr/lib/x86_64-linux-gnu/glib-2.0/include'
EXO_LIBS='-lexo-2 -lgtk-3 -lgdk-3 -lpangocairo-1.0 -lpango-1.0 -lharfbuzz -latk-1.0 -lcairo-gobject -lcairo -lgdk_pixbuf-2.0 -lgio-2.0 -lgobject-2.0 -lxfce4util -lglib-2.0'
EXO_REQUIRED_VERSION='0.12.0'
EXO_VERSION='4.16.0'
FGREP='/usr/bin/grep -F'
FILECMD='file'
GDKX11_CFLAGS='-pthread -I/usr/include/gtk-3.0 -I/usr/include/gio-unix-2.0 -I/usr/include/cairo -I/usr/include/pango-1.0 -I/usr/include/fribidi -I/usr/include/harfbuzz -I/usr/include/gdk-pixbuf-2.0 -I/usr/include/libmount -I/usr/include/blkid -I/usr/include/cairo -I/usr/include/pixman-1 -I/usr/include/uuid -I/usr/include/freetype2 -I/usr/include/libpng16 -I/usr/include/glib-2.0 -I/usr/lib/x86_64-linux-gnu/glib-2.0/include'
GDKX11_LIBS='-lgdk-3 -lpangocairo-1.0 -lpango-1.0 -lharfbuzz -lgdk_pixbuf-2.0 -lcairo-gobject -lcairo -lgobject-2.0 -lglib-2.0'
GDKX11_REQUIRED_VERSION='3.24.0'
GDKX11_VERSION='3.24.24'
GDK_CFLAGS='-pthread -I/usr/include/gtk-3.0 -I/usr/include/gio-unix-2.0 -I/usr/include/cairo -I/usr/include/pango-1.0 -I/usr/include/fribidi -I/usr/include/harfbuzz -I/usr/include/gdk-pixbuf-2.0 -I/usr/include/libmount -I/usr/include/blkid -I/usr/include/cairo -I/usr/include/pixman-1 -I/usr/include/uuid -I/usr/include/freetype2 -I/usr/include/libpng16 -I/usr/include/glib-2.0 -I/usr/lib/x86_64-linux-gnu/glib-2.0/include'
GDK_LIBS='-lgdk-3 -lpangocairo-1.0 -lpango-1.0 -lharfbuzz -lgdk_pixbuf-2.0 -lcairo-gobject -lcairo -lgobject-2.0 -lglib-2.0'
GDK_REQUIRED_VERSION='3.24.0'
GDK_VERSION='3.24.24'
GDK_WAYLAND_CFLAGS='-pthread -I/usr/include/gtk-3.0 -I/usr/include/gio-unix-2.0 -I/usr/include/cairo -I/usr/include/pango-1.0 -I/usr/include/fribidi -I/usr/include/harfbuzz -I/usr/include/gdk-pixbuf-2.0 -I/usr/include/libmount -I/usr/include/blkid -I/usr/include/cairo -I/usr/include/pixman-1 -I/usr/include/uuid -I/usr/include/freetype2 -I/usr/include/libpng16 -I/usr/include/glib-2.0 -I/usr/lib/x86_64-linux-gnu/glib-2.0/include'
GDK_WAYLAND_LIBS='-lgdk-3 -lpangocairo-1.0 -lpango-1.0 -lharfbuzz -lgdk_pixbuf-2.0 -lcairo-gobject -lcairo -lgobject-2.0 -lglib-2.0'
GDK_WAYLAND_REQUIRED_VERSION='3.24.0'
GDK_WAYLAND_VERSION='3.24.24'
GETTEXT_MACRO_VERSION='0.19'
GETTEXT_PACKAGE='xfce4-screenshooter'
GLIB_CFLAGS='-I/usr/include/glib-2.0 -I/usr/lib/x86_64-linux-gnu/glib-2.0/include'
GLIB_LIBS='-lglib-2.0'
GLIB_REQUIRED_VERSION='2.66.0'
GLIB_VERSION='2.66.8'
GMSGFMT=':'
GMSGFMT_015=':'
GREP='/usr/bin/grep'
GTHREAD_CFLAGS='-pthread -I/usr/include/glib-2.0 -I/usr/lib/x86_64-linux-gnu/glib-2.0/include'
GTHREAD_LIBS='-lgthread-2.0 -pthread -lglib-2.0'
GTHREAD_REQUIRED_VERSION='2.42.0'
GTHREAD_VERSION='2.66.8'
GTK_CFLAGS='-pthread -I/usr/include/gtk-3.0 -I/usr/include/at-spi2-atk/2.0 -I/usr/include/at-spi-2.0 -I/usr/include/dbus-1.0 -I/usr/lib/x86_64-linux-gnu/dbus-1.0/include -I/usr/include/gtk-3.0 -I/usr/include/gio-unix-2.0 -I/usr/include/cairo -I/usr/include/pango-1.0 -I/usr/include/fribidi -I/usr/include/harfbuzz -I/usr/include/atk-1.0 -I/usr/include/cairo -I/usr/include/pixman-1 -I/usr/include/uuid -I/usr/include/freetype2 -I/usr/include/libpng16 -I/usr/include/gdk-pixbuf-2.0 -I/usr/include/libmount -I/usr/include/blkid -I/usr/include/glib-2.0 -I/usr/lib/x86_64-linux-gnu/glib-2.0/include'
GTK_LIBS='-lgtk-3 -lgdk-3 -lpangocairo-1.0 -lpango-1.0 -lharfbuzz -latk-1.0 -lcairo-gobject -lcairo -lgdk_pixbuf-2.0 -lgio-2.0 -lgobject-2.0 -lglib-2.0'
GTK_REQUIRED_VERSION='3.24.0'
GTK_VERSION='3.24.24'
HAVE_HELP2MAN_FALSE=''
HAVE_HELP2MAN_TRUE='#'
HAVE_LIBXTST_FALSE='#'
HAVE_LIBXTST_TRUE=''
HELP2MAN=''
INSTALL_DATA='${INSTALL} -m 644'
INSTALL_PROGRAM='${INSTALL}'
INSTALL_SCRIPT='${INSTALL}'
INSTALL_STRIP_PROGRAM='$(install_sh) -c -s'
INTLLIBS=''
INTL_MACOSX_LIBS=''
LD='/usr/bin/ld -m elf_x86_64'
LDFLAGS=''
LIBICONV='-liconv'
LIBINTL=''
LIBOBJS=''
LIBS=''
LIBTOOL='$(SHELL) $(top_builddir)/libtool'
LIBX11_CFLAGS=''
LIBX11_LIBS='-lX11'
LIBX11_REQUIRED_VERSION='1.6.7'
LIBX11_VERSION='1.7.2'
LIBXEXT_CFLAGS=''
LIBXEXT_LIBS='-lXext'
LIBXEXT_REQUIRED_VERSION='1.0.0'
LIBXEXT_VERSION='1.3.3'
LIBXFCE4PANEL_CFLAGS='-pthread -I/usr/include/xfce4/libxfce4panel-2.0 -I/usr/include/gtk-3.0 -I/usr/include/at-spi2-atk/2.0 -I/usr/include/at-spi-2.0 -I/usr/include/dbus-1.0 -I/usr/lib/x86_64-linux-gnu/dbus-1.0/include -I/usr/include/gtk-3.0 -I/usr/include/gio-unix-2.0 -I/usr/include/cairo -I/usr/include/pango-1.0 -I/usr/include/fribidi -I/usr/include/harfbuzz -I/usr/include/atk-1.0 -I/usr/include/cairo -I/usr/include/pixman-1 -I/usr/include/uuid -I/usr/include/freetype2 -I/usr/include/libpng16 -I/usr/include/gdk-pixbuf-2.0 -I/usr/include/libmount -I/usr/include/blkid -I/usr/include/xfce4 -I/usr/include/glib-2.0 -I/usr/lib/x86_64-linux-gnu/glib-2.0/include'
LIBXFCE4PANEL_LIBS='-lxfce4panel-2.0 -lgtk-3 -lgdk-3 -lpangocairo-1.0 -lpango-1.0 -lharfbuzz -latk-1.0 -lcairo-gobject -lcairo -lgdk_pixbuf-2.0 -lgio-2.0 -lgobject-2.0 -Wl,--export-dynamic -lgmodule-2.0 -pthread -lxfce4util -lglib-2.0'
LIBXFCE4PANEL_REQUIRED_VERSION='4.16.0'
LIBXFCE4PANEL_VERSION='4.16.2'
LIBXFCE4UI_CFLAGS='-pthread -I/usr/include/xfce4/libxfce4ui-2 -I/usr/include/gtk-3.0 -I/usr/include/at-spi2-atk/2.0 -I/usr/include/at-spi-2.0 -I/usr/include/dbus-1.0 -I/usr/lib/x86_64-linux-gnu/dbus-1.0/include -I/usr/include/gtk-3.0 -I/usr/include/gio-unix-2.0 -I/usr/include/cairo -I/usr/include/pango-1.0 -I/usr/include/fribidi -I/usr/include/harfbuzz -I/usr/include/atk-1.0 -I/usr/include/cairo -I/usr/include/pixman-1 -I/usr/include/uuid -I/usr/include/freetype2 -I/usr/include/libpng16 -I/usr/include/gdk-pixbuf-2.0 -I/usr/include/libmount -I/usr/include/blkid -I/usr/include/xfce4 -I/usr/include/glib-2.0 -I/usr/lib/x86_64-linux-gnu/glib-2.0/include'
LIBXFCE4UI_LIBS='-lxfce4ui-2 -lgtk-3 -lgdk-3 -lpangocairo-1.0 -lpango-1.0 -lharfbuzz -latk-1.0 -lcairo-gobject -lcairo -lgdk_pixbuf-2.0 -lgio-2.0 -lgobject-2.0 -lxfce4util -lglib-2.0'
LIBXFCE4UI_REQUIRED_VERSION='4.16.0'
LIBXFCE4UI_VERSION='4.16.0'
LIBXFCE4UTIL_CFLAGS='-I/usr/include/xfce4 -I/usr/include/glib-2.0 -I/usr/lib/x86_64-linux-gnu/glib-2.0/include'
LIBXFCE4UTIL_LIBS='-lxfce4util -lglib-2.0'
LIBXFCE4UTIL_REQUIRED_VERSION='4.16.0'
LIBXFCE4UTIL_VERSION='4.16.0'
LIBXTST_CFLAGS=''
LIBXTST_LIBS='-lXtst'
LIBXTST_REQUIRED_VERSION='libxtst_min_version'
LIBXTST_VERSION='1.2.3'
LIPO=''
LN_S='ln -s'
LTLIBICONV='-liconv'
LTLIBINTL=''
LTLIBOBJS=''
LT_SYS_LIBRARY_PATH=''
MAINT='#'
MAINTAINER_MODE_FALSE=''
MAINTAINER_MODE_TRUE='#'
MAKEINFO='${SHELL} '\''/home/hgode/Downloads/xfce4-screenshooter-1.11.1/missing'\'' makeinfo'
MANIFEST_TOOL=':'
MKDIR_P='/usr/bin/mkdir -p'
MSGFMT=':'
MSGFMT_015=':'
MSGMERGE=':'
NM='/usr/bin/nm -B'
NMEDIT=''
OBJDUMP='objdump'
OBJEXT='o'
OTOOL64=''
OTOOL=''
PACKAGE='xfce4-screenshooter'
PACKAGE_BUGREPORT='https://gitlab.xfce.org/apps/xfce4-screenshooter'
PACKAGE_NAME='xfce4-screenshooter'
PACKAGE_STRING='xfce4-screenshooter 1.11.1'
PACKAGE_TARNAME='xfce4-screenshooter'
PACKAGE_URL=''
PACKAGE_VERSION='1.11.1'
PANGO_CFLAGS='-pthread -I/usr/include/pango-1.0 -I/usr/include/libmount -I/usr/include/blkid -I/usr/include/fribidi -I/usr/include/cairo -I/usr/include/pixman-1 -I/usr/include/uuid -I/usr/include/harfbuzz -I/usr/include/glib-2.0 -I/usr/lib/x86_64-linux-gnu/glib-2.0/include -I/usr/include/freetype2 -I/usr/include/libpng16'
PANGO_LIBS='-lpango-1.0 -lgobject-2.0 -lglib-2.0 -lharfbuzz'
PANGO_REQUIRED_VERSION='1.44.0'
PANGO_VERSION='1.46.2'
PATH_SEPARATOR=':'
PKG_CONFIG='/usr/bin/pkg-config'
PKG_CONFIG_LIBDIR=''
PKG_CONFIG_PATH=''
POSUB='po'
RANLIB='ranlib'
SED='/usr/bin/sed'
SET_MAKE=''
SHELL='/bin/bash'
STRIP='strip'
USE_NLS='yes'
VERSION='1.11.1'
WAYLAND_CLIENT_CFLAGS=''
WAYLAND_CLIENT_LIBS='-lwayland-client'
WAYLAND_CLIENT_REQUIRED_VERSION='1.15.0'
WAYLAND_CLIENT_VERSION='1.18.0'
WAYLAND_SCANNER_CFLAGS=''
WAYLAND_SCANNER_LIBS=''
WAYLAND_SCANNER_REQUIRED_VERSION='1.15.0'
WAYLAND_SCANNER_VERSION='1.18.0'
WLR_PROTOCOLS_PKGDATADIR='/home/hgode/Downloads/xfce4-screenshooter-1.11.1/protocols/wlr-protocols'
XFCONF_CFLAGS='-pthread -I/usr/include/xfce4/xfconf-0 -I/usr/include/libmount -I/usr/include/blkid -I/usr/include/glib-2.0 -I/usr/lib/x86_64-linux-gnu/glib-2.0/include'
XFCONF_LIBS='-lxfconf-0 -lgio-2.0 -lgobject-2.0 -lglib-2.0'
XFCONF_REQUIRED_VERSION='4.16.0'
XFCONF_VERSION='4.16.0'
XFIXES_CFLAGS=''
XFIXES_LIBS='-lXfixes'
XFIXES_REQUIRED_VERSION='4.0.0'
XFIXES_VERSION='5.0.3'
XGETTEXT=':'
XGETTEXT_015=':'
XGETTEXT_EXTRA_OPTIONS=''
XINPUT2_CFLAGS=''
XINPUT2_LIBS='-lXi'
XINPUT2_REQUIRED_VERSION='1.7.8'
XINPUT2_VERSION='1.7.10'
ac_ct_AR='ar'
ac_ct_CC='gcc'
ac_ct_DUMPBIN=''
am__EXEEXT_FALSE=''
am__EXEEXT_TRUE='#'
am__fastdepCC_FALSE='#'
am__fastdepCC_TRUE=''
am__include='include'
am__isrc=''
am__leading_dot='.'
am__nodep='_no'
am__quote=''
am__tar='tar --format=ustar -chf - "$$tardir"'
am__untar='tar -xf -'
bindir='${exec_prefix}/bin'
build='x86_64-pc-linux-gnu'
build_alias=''
build_cpu='x86_64'
build_os='linux-gnu'
build_vendor='pc'
datadir='${datarootdir}'
datarootdir='${prefix}/share'
docdir='${datarootdir}/doc/${PACKAGE_TARNAME}'
dvidir='${docdir}'
exec_prefix='${prefix}'
host='x86_64-pc-linux-gnu'
host_alias=''
host_cpu='x86_64'
host_os='linux-gnu'
host_vendor='pc'
htmldir='${docdir}'
includedir='${prefix}/include'
infodir='${datarootdir}/info'
install_sh='${SHELL} /home/hgode/Downloads/xfce4-screenshooter-1.11.1/install-sh'
libdir='${exec_prefix}/lib'
libexecdir='${exec_prefix}/libexec'
localedir='${datarootdir}/locale'
localstatedir='${prefix}/var'
mandir='${datarootdir}/man'
mkdir_p='$(MKDIR_P)'
oldincludedir='/usr/include'
pdfdir='${docdir}'
prefix='/usr/local'
program_transform_name='s,x,x,'
psdir='${docdir}'
runstatedir='${localstatedir}/run'
sbindir='${exec_prefix}/sbin'
sharedstatedir='${prefix}/com'
sysconfdir='${prefix}/etc'
target_alias=''

## ----------- ##
## confdefs.h. ##
## ----------- ##

/* confdefs.h */
#define PACKAGE_NAME "xfce4-screenshooter"
#define PACKAGE_TARNAME "xfce4-screenshooter"
#define PACKAGE_VERSION "1.11.1"
#define PACKAGE_STRING "xfce4-screenshooter 1.11.1"
#define PACKAGE_BUGREPORT "https://gitlab.xfce.org/apps/xfce4-screenshooter"
#define PACKAGE_URL ""
#define PACKAGE "xfce4-screenshooter"
#define VERSION "1.11.1"
#define HAVE_STDIO_H 1
#define HAVE_STDLIB_H 1
#define HAVE_STRING_H 1
#define HAVE_INTTYPES_H 1
#define HAVE_STDINT_H 1
#define HAVE_STRINGS_H 1
#define HAVE_SYS_STAT_H 1
#define HAVE_SYS_TYPES_H 1
#define HAVE_UNISTD_H 1
#define STDC_HEADERS 1
#define HAVE_DLFCN_H 1
#define LT_OBJDIR ".libs/"
#define G_LOG_USE_STRUCTURED 1
#define GLIB_VERSION_MAX_ALLOWED GLIB_VERSION_2_66
#define GLIB_VERSION_MIN_REQUIRED GLIB_VERSION_2_66
#define HAVE_LIBX11 1
#define HAVE_GDKX11 1
#define HAVE_XINPUT2 1
#define HAVE_LIBXEXT 1
#define HAVE_XFIXES 1
#define ENABLE_X11 1
#define HAVE_GDK_WAYLAND 1
#define HAVE_WAYLAND_SCANNER 1
#define HAVE_WAYLAND_CLIENT 1
#define ENABLE_WAYLAND 1
#define HAVE_LIBXTST 1
#define GETTEXT_PACKAGE "xfce4-screenshooter"
#define ENABLE_NLS 1
#define HAVE_GETTEXT 1
#define HAVE_DCGETTEXT 1

configure: exit 0
